//With random walk
The propagation time when rmax = 1e-07 is 80.3126
2023-02-26 22:14:24: Train cost: 08 / Test accuracy 59.554
The propagation time when rmax = 1e-07 is 80.5148
2023-02-26 22:19:45: Train cost: 14 / Test accuracy 67.796
The propagation time when rmax = 1e-07 is 75.8802
2023-02-26 22:25:33: Train cost: 16 / Test accuracy 68.076
The propagation time when rmax = 1e-07 is 79.8173
2023-02-26 22:34:05: Train cost: 25 / Test accuracy 68.702
The propagation time when rmax = 1e-07 is 82.2276
2023-02-26 22:39:48: Train cost: 15 / Test accuracy 68.247
The propagation time when rmax = 1e-07 is 89.7354
2023-02-26 22:45:36: Train cost: 15 / Test accuracy 67.983
The propagation time when rmax = 1e-07 is 82.8945
2023-02-26 22:52:44: Train cost: 19 / Test accuracy 67.735
The propagation time when rmax = 1e-07 is 78.1741
2023-02-26 22:58:27: Train cost: 15 / Test accuracy 66.782
The propagation time when rmax = 1e-07 is 80.4871
2023-02-26 23:06:56: Train cost: 23 / Test accuracy 66.749
The propagation time when rmax = 1e-07 is 77.9006
2023-02-26 23:14:16: Train cost: 19 / Test accuracy 66.029
The propagation time when rmax = 1e-07 is 65.8925
2023-02-26 23:24:12: Train cost: 29 / Test accuracy 65.914
The propagation time when rmax = 1e-07 is 68.7801
2023-02-26 23:31:27: Train cost: 18 / Test accuracy 65.058
The propagation time when rmax = 1e-07 is 70.0399
2023-02-26 23:41:03: Train cost: 26 / Test accuracy 64.451
The propagation time when rmax = 1e-07 is 68.1488
2023-02-26 23:49:18: Train cost: 22 / Test accuracy 63.984
The propagation time when rmax = 1e-07 is 71.0755
2023-02-26 23:57:31: Train cost: 22 / Test accuracy 63.556
The propagation time when rmax = 1e-07 is 68.2442
2023-02-27 00:05:19: Train cost: 21 / Test accuracy 62.375
The propagation time when rmax = 1e-07 is 68.0941
2023-02-27 00:11:09: Train cost: 15 / Test accuracy 62.035
The propagation time when rmax = 1e-07 is 1.71127


//Instant rmax = 1e-07
The propagation time when rmax = 1e-07 is 1.75403
2023-02-27 18:02:37: Train cost: 10 / Test accuracy 59.562
The propagation time when rmax = 1e-07 is 1.21067
2023-02-27 18:08:25: Train cost: 20 / Test accuracy 68.249
The propagation time when rmax = 1e-07 is 1.21074
2023-02-27 18:13:25: Train cost: 18 / Test accuracy 68.747
The propagation time when rmax = 1e-07 is 1.30856
2023-02-27 18:17:25: Train cost: 13 / Test accuracy 69.074
The propagation time when rmax = 1e-07 is 1.36506
2023-02-27 18:22:05: Train cost: 16 / Test accuracy 69.346
The propagation time when rmax = 1e-07 is 1.37492
2023-02-27 18:25:55: Train cost: 13 / Test accuracy 69.669
The propagation time when rmax = 1e-07 is 1.45667
2023-02-27 18:29:37: Train cost: 12 / Test accuracy 69.695
The propagation time when rmax = 1e-07 is 1.48064
2023-02-27 18:35:09: Train cost: 18 / Test accuracy 70.006
The propagation time when rmax = 1e-07 is 1.539
2023-02-27 18:39:48: Train cost: 16 / Test accuracy 70.173
The propagation time when rmax = 1e-07 is 1.49598
2023-02-27 18:44:43: Train cost: 17 / Test accuracy 70.407
The propagation time when rmax = 1e-07 is 1.53471
2023-02-27 18:49:32: Train cost: 16 / Test accuracy 70.996
The propagation time when rmax = 1e-07 is 1.54656
2023-02-27 18:54:53: Train cost: 18 / Test accuracy 70.691
The propagation time when rmax = 1e-07 is 1.53693
2023-02-27 18:59:11: Train cost: 15 / Test accuracy 71.216
The propagation time when rmax = 1e-07 is 1.63762
2023-02-27 19:04:04: Train cost: 17 / Test accuracy 71.020
The propagation time when rmax = 1e-07 is 1.64177
2023-02-27 19:07:46: Train cost: 12 / Test accuracy 71.304
The propagation time when rmax = 1e-07 is 1.6113
2023-02-27 19:11:01: Train cost: 11 / Test accuracy 71.450
The propagation time when rmax = 1e-07 is 1.64371
2023-02-27 19:14:41: Train cost: 12 / Test accuracy 71.473

//Instant rmax = 1e-09The propagation time when rmax = 1e-09 is 3.14793
2023-02-27 22:00:43: Train cost: 09 / Test accuracy 59.653
The propagation time when rmax = 1e-09 is 2.81519
2023-02-27 22:08:07: Train cost: 25 / Test accuracy 68.255
The propagation time when rmax = 1e-09 is 3.21444
2023-02-27 22:12:46: Train cost: 15 / Test accuracy 68.679
The propagation time when rmax = 1e-09 is 3.60347
2023-02-27 22:16:07: Train cost: 10 / Test accuracy 68.755
The propagation time when rmax = 1e-09 is 3.89164
2023-02-27 22:20:54: Train cost: 16 / Test accuracy 69.335
The propagation time when rmax = 1e-09 is 4.01197
2023-02-27 22:24:49: Train cost: 13 / Test accuracy 69.662
The propagation time when rmax = 1e-09 is 4.29595
2023-02-27 22:30:20: Train cost: 18 / Test accuracy 69.765
The propagation time when rmax = 1e-09 is 4.47231
2023-02-27 22:35:02: Train cost: 16 / Test accuracy 70.074
The propagation time when rmax = 1e-09 is 4.85917
2023-02-27 22:40:51: Train cost: 20 / Test accuracy 70.275
The propagation time when rmax = 1e-09 is 4.78635
2023-02-27 22:46:34: Train cost: 19 / Test accuracy 70.352
The propagation time when rmax = 1e-09 is 5.03179
2023-02-27 22:50:41: Train cost: 14 / Test accuracy 70.557
The propagation time when rmax = 1e-09 is 5.17309
2023-02-27 22:55:30: Train cost: 16 / Test accuracy 71.111
The propagation time when rmax = 1e-09 is 5.29648
2023-02-27 23:00:08: Train cost: 15 / Test accuracy 70.880
The propagation time when rmax = 1e-09 is 5.54866
2023-02-27 23:04:56: Train cost: 16 / Test accuracy 71.216
The propagation time when rmax = 1e-09 is 5.72282
2023-02-27 23:08:47: Train cost: 13 / Test accuracy 71.389
The propagation time when rmax = 1e-09 is 5.90455
2023-02-27 23:12:53: Train cost: 13 / Test accuracy 71.588
The propagation time when rmax = 1e-09 is 6.02766
2023-02-27 23:16:25: Train cost: 12 / Test accuracy 71.594
The propagation time when rmax = 1e-07 is 0.22716
The propagation time when rmax = 1e-07 is 0.233507
The propagation time when rmax = 1e-07 is 0.207605
The propagation time when rmax = 1e-07 is 0.172085
The propagation time when rmax = 1e-07 is 0.182646
The propagation time when rmax = 1e-07 is 47.7077
2023-02-28 19:11:44: Train cost: 18 / Test accuracy 71.049
The propagation time when rmax = 1e-07 is 41.3437
The propagation time when rmax = 1e-07 is 7.68788
The propagation time when rmax = 1e-07 is 7.80894
The propagation time when rmax = 1e-05 is 0.230687
2023-03-02 11:13:12: Train cost: 17 / Test accuracy 61.373
The propagation time when rmax = 1e-05 is 0.094258
2023-03-02 11:18:18: Train cost: 17 / Test accuracy 65.856
The propagation time when rmax = 1e-05 is 0.065988
2023-03-02 11:20:56: Train cost: 08 / Test accuracy 66.432
The propagation time when rmax = 1e-05 is 0.059242
2023-03-02 11:25:37: Train cost: 16 / Test accuracy 67.265
The propagation time when rmax = 1e-05 is 0.057853
2023-03-02 11:29:06: Train cost: 11 / Test accuracy 67.755
The propagation time when rmax = 1e-05 is 0.05251
2023-03-02 11:32:52: Train cost: 12 / Test accuracy 68.218
The propagation time when rmax = 1e-05 is 0.058305
2023-03-02 11:36:32: Train cost: 12 / Test accuracy 68.776
The propagation time when rmax = 1e-05 is 0.055823
2023-03-02 11:39:39: Train cost: 10 / Test accuracy 68.948
The propagation time when rmax = 1e-05 is 0.052938
2023-03-02 11:44:18: Train cost: 15 / Test accuracy 69.327
The propagation time when rmax = 1e-05 is 0.050414
2023-03-02 11:48:09: Train cost: 13 / Test accuracy 69.245
The propagation time when rmax = 1e-05 is 0.049483
2023-03-02 11:52:02: Train cost: 12 / Test accuracy 69.928
The propagation time when rmax = 1e-05 is 0.049401
2023-03-02 11:56:31: Train cost: 14 / Test accuracy 70.210
The propagation time when rmax = 1e-05 is 0.051486
2023-03-02 12:01:03: Train cost: 15 / Test accuracy 70.500
The propagation time when rmax = 1e-05 is 0.051348
2023-03-02 12:06:45: Train cost: 19 / Test accuracy 70.533
The propagation time when rmax = 1e-05 is 0.054849
2023-03-02 12:10:55: Train cost: 14 / Test accuracy 70.926
The propagation time when rmax = 1e-05 is 0.054868
2023-03-02 12:14:06: Train cost: 10 / Test accuracy 71.090
The propagation time when rmax = 1e-05 is 0.051396
2023-03-02 12:17:42: Train cost: 11 / Test accuracy 71.393
The propagation time when rmax = 1e-07 is 0.286126
The propagation time when rmax = 1e-07 is 0.307247
The propagation time when rmax = 1e-07 is 0.416337
The propagation time when rmax = 1e-07 is 2.66562
The propagation time when rmax = 1e-07 is 0.356398
The propagation time when rmax = 1e-07 is 0.072395
The propagation time when rmax = 1e-07 is 0.071718
The propagation time when rmax = 1e-07 is 0.92955
2023-03-02 15:50:15: Train cost: 10 / Test accuracy 60.297
The propagation time when rmax = 1e-07 is 1.05095
2023-03-02 15:59:08: Train cost: 21 / Test accuracy 68.313
The propagation time when rmax = 1e-07 is 0.9846
2023-03-02 16:06:48: Train cost: 18 / Test accuracy 68.730
The propagation time when rmax = 1e-07 is 0.828729
2023-03-02 16:12:44: Train cost: 14 / Test accuracy 69.074
The propagation time when rmax = 1e-07 is 0.835561
2023-03-02 16:20:13: Train cost: 17 / Test accuracy 69.391
The propagation time when rmax = 1e-07 is 0.849699
2023-03-02 16:26:50: Train cost: 15 / Test accuracy 69.415
The propagation time when rmax = 1e-07 is 0.897394
2023-03-02 16:33:18: Train cost: 15 / Test accuracy 69.582
The propagation time when rmax = 1e-07 is 1.03862
2023-03-02 16:41:31: Train cost: 19 / Test accuracy 70.259
The propagation time when rmax = 1e-07 is 0.936746
2023-03-02 16:50:19: Train cost: 20 / Test accuracy 70.053
The propagation time when rmax = 1e-07 is 0.94683
2023-03-02 16:57:07: Train cost: 16 / Test accuracy 70.321
The propagation time when rmax = 1e-07 is 1.05448
2023-03-02 17:04:55: Train cost: 18 / Test accuracy 70.574
The propagation time when rmax = 1e-07 is 0.975864
The propagation time when rmax = 1e-07 is 0.639615
2023-03-02 17:17:23: Train cost: 13 / Test accuracy 61.795
The propagation time when rmax = 1e-07 is 0.73079
2023-03-02 17:28:17: Train cost: 27 / Test accuracy 68.191
The propagation time when rmax = 1e-07 is 0.997421
2023-03-02 17:35:33: Train cost: 17 / Test accuracy 68.483
The propagation time when rmax = 1e-07 is 0.734235
2023-03-02 17:41:02: Train cost: 14 / Test accuracy 68.971
The propagation time when rmax = 1e-07 is 0.687299
2023-03-02 17:50:02: Train cost: 22 / Test accuracy 69.321
The propagation time when rmax = 1e-07 is 0.993845
2023-03-02 17:56:51: Train cost: 17 / Test accuracy 69.537
The propagation time when rmax = 1e-07 is 0.687135
2023-03-02 18:03:45: Train cost: 17 / Test accuracy 69.629
The propagation time when rmax = 1e-07 is 0.769501
2023-03-02 18:11:54: Train cost: 21 / Test accuracy 69.839
The propagation time when rmax = 1e-07 is 0.74438
2023-03-02 18:19:34: Train cost: 20 / Test accuracy 70.310
The propagation time when rmax = 1e-07 is 0.757291
2023-03-02 18:26:28: Train cost: 17 / Test accuracy 70.549
The propagation time when rmax = 1e-07 is 0.806028
2023-03-02 18:35:03: Train cost: 22 / Test accuracy 70.747
The propagation time when rmax = 1e-07 is 0.830586
2023-03-02 18:41:12: Train cost: 16 / Test accuracy 70.854
The propagation time when rmax = 1e-07 is 0.89516
2023-03-02 18:47:20: Train cost: 16 / Test accuracy 70.870
The propagation time when rmax = 1e-07 is 1.12242
2023-03-02 18:53:51: Train cost: 17 / Test accuracy 71.331
The propagation time when rmax = 1e-07 is 0.915013
2023-03-02 19:00:39: Train cost: 18 / Test accuracy 71.350
The propagation time when rmax = 1e-07 is 0.916019
2023-03-02 19:06:33: Train cost: 15 / Test accuracy 71.438
The propagation time when rmax = 1e-07 is 1.04938
2023-03-02 19:11:49: Train cost: 13 / Test accuracy 71.701
The propagation time when rmax = 1e-07 is 0.307882
2023-03-03 11:37:51: Train cost: 10 / Test accuracy 63.029
The propagation time when rmax = 1e-07 is 0.459918
2023-03-03 11:42:19: Train cost: 15 / Test accuracy 68.160
The propagation time when rmax = 1e-07 is 0.355014
2023-03-03 11:47:28: Train cost: 16 / Test accuracy 68.267
The propagation time when rmax = 1e-07 is 0.378838
2023-03-03 11:51:56: Train cost: 15 / Test accuracy 69.216
The propagation time when rmax = 1e-07 is 0.409101
2023-03-03 11:57:29: Train cost: 19 / Test accuracy 69.234
The propagation time when rmax = 1e-07 is 0.4231
2023-03-03 12:02:15: Train cost: 16 / Test accuracy 69.514
The propagation time when rmax = 1e-07 is 0.450249
2023-03-03 12:06:35: Train cost: 15 / Test accuracy 69.738
The propagation time when rmax = 1e-07 is 0.447337
2023-03-03 12:10:01: Train cost: 09 / Test accuracy 70.078
The propagation time when rmax = 1e-07 is 0.456455
2023-03-03 12:14:52: Train cost: 17 / Test accuracy 70.222
The propagation time when rmax = 1e-07 is 0.476592
2023-03-03 12:19:50: Train cost: 17 / Test accuracy 70.535
The propagation time when rmax = 1e-07 is 0.47541
2023-03-03 12:25:16: Train cost: 19 / Test accuracy 70.977
The propagation time when rmax = 1e-07 is 0.506214
2023-03-03 12:30:46: Train cost: 19 / Test accuracy 70.734
The propagation time when rmax = 1e-07 is 0.529065
2023-03-03 12:35:06: Train cost: 15 / Test accuracy 71.059
The propagation time when rmax = 1e-07 is 0.548841
2023-03-03 12:38:39: Train cost: 12 / Test accuracy 71.273
The propagation time when rmax = 1e-07 is 0.580203
2023-03-03 12:42:03: Train cost: 12 / Test accuracy 71.627
The propagation time when rmax = 1e-07 is 0.582861
2023-03-03 12:45:53: Train cost: 13 / Test accuracy 71.370
The propagation time when rmax = 1e-07 is 0.603211
2023-03-03 12:51:34: Train cost: 20 / Test accuracy 71.617
The propagation time when rmax = 1e-07 is 0.277989

//K=4
2023-03-03 18:09:22: Train cost: 14 / Test accuracy 63.424
The propagation time when rmax = 1e-07 is 0.397243
//K=20
The propagation time when rmax = 1e-07 is 0.845885
2023-03-03 18:12:41: Train cost: 10 / Test accuracy 60.297
The propagation time when rmax = 1e-07 is 1.01734
The propagation time when rmax = 1e-07 is 0.243347
//K=3
2023-03-03 18:15:39: Train cost: 09 / Test accuracy 63.348
The propagation time when rmax = 1e-07 is 0.306828
The propagation time when rmax = 1e-07 is 0.149284
//K=1
2023-03-03 18:21:02: Train cost: 12 / Test accuracy 60.313
The propagation time when rmax = 1e-07 is 0.190526
//K=2
The propagation time when rmax = 1e-07 is 0.184782
2023-03-03 18:35:35: Train cost: 14 / Test accuracy 63.344
The propagation time when rmax = 1e-07 is 0.265131
//K=4
The propagation time when rmax = 1e-07 is 0.268194
2023-03-03 18:42:45: Train cost: 14 / Test accuracy 63.424
The propagation time when rmax = 1e-07 is 0.404619
2023-03-03 18:47:09: Train cost: 15 / Test accuracy 67.704
The propagation time when rmax = 1e-07 is 0.311665
2023-03-03 18:52:04: Train cost: 17 / Test accuracy 68.428
The propagation time when rmax = 1e-07 is 0.319381
2023-03-03 18:55:44: Train cost: 12 / Test accuracy 68.769
The propagation time when rmax = 1e-07 is 0.336911
2023-03-03 19:00:15: Train cost: 15 / Test accuracy 69.306
The propagation time when rmax = 1e-07 is 0.359876
2023-03-03 19:05:20: Train cost: 17 / Test accuracy 69.666
The propagation time when rmax = 1e-07 is 0.374139
2023-03-03 19:10:58: Train cost: 19 / Test accuracy 69.753
The propagation time when rmax = 1e-07 is 0.384504
2023-03-03 19:15:56: Train cost: 16 / Test accuracy 70.059
The propagation time when rmax = 1e-07 is 0.393733
2023-03-03 19:19:39: Train cost: 12 / Test accuracy 70.101
The propagation time when rmax = 1e-07 is 0.420918
2023-03-03 19:24:51: Train cost: 15 / Test accuracy 70.426
The propagation time when rmax = 1e-07 is 0.41748
2023-03-03 19:28:22: Train cost: 10 / Test accuracy 70.362
The propagation time when rmax = 1e-07 is 0.42817
2023-03-03 19:32:32: Train cost: 13 / Test accuracy 70.813
The propagation time when rmax = 1e-07 is 0.448618
2023-03-03 19:36:34: Train cost: 13 / Test accuracy 70.794
The propagation time when rmax = 1e-07 is 0.475744
2023-03-03 19:40:57: Train cost: 14 / Test accuracy 71.251
The propagation time when rmax = 1e-07 is 0.495774
2023-03-03 19:44:31: Train cost: 12 / Test accuracy 71.298
The propagation time when rmax = 1e-07 is 0.494893
2023-03-03 19:49:07: Train cost: 16 / Test accuracy 71.543
The propagation time when rmax = 1e-07 is 0.516993
2023-03-03 19:53:57: Train cost: 16 / Test accuracy 71.448
The propagation time when rmax = 1e-07 is 0.26181
//k=4 from scartch

The propagation time when rmax = 1e-07 is 0.284679
The propagation time when rmax = 1e-07 is 0.335047
2023-03-10 16:37:39: Snap: 01 / Train cost: 16 / Test accuracy 67.724


The propagation time when rmax = 1e-07 is 0.262564
The propagation time when rmax = 1e-07 is 0.261152
2023-03-10 16:49:07: Snap: 01 / Train cost: 17 / Test accuracy 67.189
The propagation time when rmax = 1e-07 is 0.405534
The propagation time when rmax = 1e-07 is 1.99427
The propagation time when rmax = 1e-07 is 2.27305
2023-03-10 16:55:15: Snap: 01 / Train cost: 13 / Test accuracy 67.977
The propagation time when rmax = 1e-07 is 3.38311
The propagation time when rmax = 1e-07 is 1.92102
The propagation time when rmax = 1e-07 is 2.17617
2023-03-10 17:02:04: Snap: 01 / Train cost: 15 / Test accuracy 67.977
The propagation time when rmax = 1e-07 is 3.29737
2023-03-10 17:07:34: Snap: 02 / Train cost: 17 / Test accuracy 68.512
The propagation time when rmax = 1e-07 is 3.14474
The propagation time when rmax = 1e-07 is 1.86008
The propagation time when rmax = 1e-07 is 2.07372
The propagation time when rmax = 1e-07 is 2.00329
The propagation time when rmax = 1e-07 is 0.900988
2023-03-10 17:20:33: Snap: 01 / Train cost: 14 / Test accuracy 67.932
The propagation time when rmax = 1e-07 is 1.36318
The propagation time when rmax = 1e-07 is 1.94948
The propagation time when rmax = 1e-07 is 68.0881
2023-03-23 21:30:40: Snap: 00 / Train cost: 37 / Test accuracy 76.113
The propagation time when rmax = 1e-07 is 1.77685
2023-03-23 21:37:07: Snap: 00 / Train cost: 09 / Test accuracy 59.562
The propagation time when rmax = 1e-07 is 1.11128
The propagation time when rmax = 1e-07 is 0.248975
2023-03-23 21:43:35: Snap: 00 / Train cost: 15 / Test accuracy 63.424
The propagation time when rmax = 1e-07 is 0.340024
The propagation time when rmax = 1e-07 is 26.3672
2023-03-23 21:56:33: Snap: 00 / Train cost: 35 / Test accuracy 75.827
The propagation time when rmax = 1e-07 is 37.023
2023-03-23 22:08:18: Snap: 00 / Train cost: 31 / Test accuracy 76.252
The propagation time when rmax = 1e-07 is 48.2866
2023-03-23 22:19:53: Snap: 00 / Train cost: 30 / Test accuracy 76.147
The propagation time when rmax = 1e-07 is 61.0246
2023-03-23 22:32:49: Snap: 00 / Train cost: 30 / Test accuracy 76.169
The propagation time when rmax = 1e-07 is 34.4854
2023-03-23 22:47:00: Snap: 00 / Train cost: 33 / Test accuracy 76.158
The propagation time when rmax = 1e-07 is 35.2882
2023-03-23 22:58:34: Snap: 01 / Train cost: 32 / Test accuracy 77.364
The propagation time when rmax = 1e-07 is 44.5032
2023-03-23 23:12:13: Snap: 02 / Train cost: 43 / Test accuracy 78.022
The propagation time when rmax = 1e-07 is 46.5187
2023-03-23 23:23:53: Snap: 03 / Train cost: 36 / Test accuracy 78.299
The propagation time when rmax = 1e-07 is 41.1656
2023-03-23 23:34:00: Snap: 04 / Train cost: 30 / Test accuracy 78.359
The propagation time when rmax = 1e-07 is 43.6368
2023-03-23 23:44:46: Snap: 05 / Train cost: 33 / Test accuracy 78.313
The propagation time when rmax = 1e-07 is 45.628
2023-03-23 23:56:43: Snap: 06 / Train cost: 35 / Test accuracy 78.274
The propagation time when rmax = 1e-07 is 50.8559
2023-03-24 00:09:58: Snap: 07 / Train cost: 40 / Test accuracy 78.154
The propagation time when rmax = 1e-07 is 49.7201
2023-03-24 00:20:41: Snap: 08 / Train cost: 31 / Test accuracy 77.996
The propagation time when rmax = 1e-07 is 50.0076
2023-03-24 00:33:18: Snap: 09 / Train cost: 38 / Test accuracy 78.117
The propagation time when rmax = 1e-07 is 54.6674
2023-03-24 00:46:37: Snap: 10 / Train cost: 39 / Test accuracy 77.841
The propagation time when rmax = 1e-07 is 47.3912
2023-03-24 01:03:47: Snap: 11 / Train cost: 47 / Test accuracy 77.829
The propagation time when rmax = 1e-07 is 62.4725
2023-03-24 01:18:17: Snap: 12 / Train cost: 39 / Test accuracy 77.776
The propagation time when rmax = 1e-07 is 65.0211
2023-03-24 01:32:54: Snap: 13 / Train cost: 42 / Test accuracy 77.635
The propagation time when rmax = 1e-07 is 67.6431
2023-03-24 01:52:30: Snap: 14 / Train cost: 57 / Test accuracy 76.951
The propagation time when rmax = 1e-07 is 69.6104
2023-03-24 02:11:14: Snap: 15 / Train cost: 53 / Test accuracy 76.235
The propagation time when rmax = 1e-07 is 53.3327
2023-03-24 10:59:53: Snap: 00 / Train cost: 37 / Test accuracy 76.102
The propagation time when rmax = 1e-07 is 54.9848
2023-03-24 16:56:07: Snap: 00 / Train cost: 28 / Test accuracy 76.109
The propagation time when rmax = 1e-07 is 78.6586
2023-03-24 17:07:50: Snap: 00 / Train cost: 31 / Test accuracy 76.108
The propagation time when rmax = 1e-07 is 1.55137
The propagation time when rmax = 1e-07 is 1.80129
The propagation time when rmax = 1e-07 is 2.99596
The propagation time when rmax = 1e-07 is 0.89645
The propagation time when rmax = 1e-07 is 0.943409
The propagation time when rmax = 1e-07 is 0.805517
The propagation time when rmax = 1e-07 is 0.929824
The propagation time when rmax = 1e-07 is 0.878936
The propagation time when rmax = 1e-07 is 0.809441
2023-05-10 11:29:05: Snap: 00 / Train cost: 14 / Test accuracy 60.784
The propagation time when rmax = 1e-07 is 1.28997
The propagation time when rmax = 1e-07 is 1.11135
The propagation time when rmax = 1e-07 is 1.00748
The propagation time when rmax = 1e-07 is 0.981668
The propagation time when rmax = 1e-07 is 0.924224
The propagation time when rmax = 1e-07 is 0.851092
The propagation time when rmax = 1e-07 is 0.947459
The propagation time when rmax = 1e-07 is 1.19969
The propagation time when rmax = 1e-07 is 1.20809
The propagation time when rmax = 1e-07 is 1.40491
The propagation time when rmax = 1e-07 is 0.942998
The propagation time when rmax = 1e-07 is 0.671904
The propagation time when rmax = 1e-07 is 0.809287
The propagation time when rmax = 1e-07 is 0.780462
The propagation time when rmax = 1e-07 is 0.728181
The propagation time when rmax = 1e-07 is 0.826371
The propagation time when rmax = 1e-07 is 0.876266
The propagation time when rmax = 1e-07 is 1.08427
The propagation time when rmax = 1e-07 is 0.775861
The propagation time when rmax = 1e-07 is 0.81215
The propagation time when rmax = 1e-07 is 0.680175
The propagation time when rmax = 1e-07 is 1.07166
The propagation time when rmax = 1e-07 is 0.742652
The propagation time when rmax = 1e-07 is 1.04201
The propagation time when rmax = 1e-07 is 0.795958
The propagation time when rmax = 1e-07 is 1.01237
The propagation time when rmax = 1e-07 is 0.760443
The propagation time when rmax = 1e-07 is 1.01986
The propagation time when rmax = 1e-07 is 0.857734
The propagation time when rmax = 1e-07 is 0.792968
The propagation time when rmax = 1e-07 is 0.96273
The propagation time when rmax = 1e-07 is 0.867768
The propagation time when rmax = 1e-07 is 0.950118
The propagation time when rmax = 1e-07 is 0.81578
The propagation time when rmax = 1e-07 is 0.944035
The propagation time when rmax = 1e-07 is 0.850338
The propagation time when rmax = 1e-07 is 0.922819
The propagation time when rmax = 1e-07 is 1.19963
The propagation time when rmax = 1e-07 is 0.859235
The propagation time when rmax = 1e-07 is 0.882978
The propagation time when rmax = 1e-07 is 1.18732
The propagation time when rmax = 1e-07 is 0.93059
The propagation time when rmax = 1e-07 is 0.946533
The propagation time when rmax = 1e-07 is 0.884026
The propagation time when rmax = 1e-07 is 0.970724
The propagation time when rmax = 1e-07 is 0.818719
The propagation time when rmax = 1e-07 is 0.890337
The propagation time when rmax = 1e-07 is 0.933725
The propagation time when rmax = 1e-07 is 0.909628
The propagation time when rmax = 1e-07 is 1.06713
The propagation time when rmax = 1e-07 is 1.44585
The propagation time when rmax = 1e-07 is 1.04945
The propagation time when rmax = 1e-07 is 1.11034
The propagation time when rmax = 1e-07 is 1.09139
The propagation time when rmax = 1e-07 is 1.02703
The propagation time when rmax = 1e-07 is 0.880844
The propagation time when rmax = 1e-07 is 1.11526
The propagation time when rmax = 1e-07 is 1.00626
The propagation time when rmax = 1e-07 is 0.978087
The propagation time when rmax = 1e-07 is 1.0237
The propagation time when rmax = 1e-07 is 0.839486
The propagation time when rmax = 1e-07 is 0.87563
The propagation time when rmax = 1e-07 is 0.839295
The propagation time when rmax = 1e-07 is 0.879558
The propagation time when rmax = 1e-07 is 1.04076
The propagation time when rmax = 1e-07 is 0.893615
The propagation time when rmax = 1e-07 is 0.911909
The propagation time when rmax = 1e-07 is 0.942542
The propagation time when rmax = 1e-07 is 1.06146
The propagation time when rmax = 1e-07 is 0.824485
The propagation time when rmax = 1e-07 is 0.879839
The propagation time when rmax = 1e-07 is 0.889563
The propagation time when rmax = 1e-07 is 0.881658
The propagation time when rmax = 1e-07 is 0.867454
The propagation time when rmax = 1e-07 is 0.91175
The propagation time when rmax = 1e-07 is 0.918263
The propagation time when rmax = 1e-07 is 1.22277
The propagation time when rmax = 1e-07 is 1.17233
The propagation time when rmax = 1e-07 is 0.985447
The propagation time when rmax = 1e-07 is 1.2536
The propagation time when rmax = 1e-07 is 1.40302
The propagation time when rmax = 1e-07 is 0.835598
The propagation time when rmax = 1e-07 is 0.831618
The propagation time when rmax = 1e-07 is 0.837237
The propagation time when rmax = 1e-07 is 0.936605
The propagation time when rmax = 1e-07 is 0.897
The propagation time when rmax = 1e-07 is 0.914044
The propagation time when rmax = 1e-07 is 0.86683
The propagation time when rmax = 1e-07 is 1.14901
The propagation time when rmax = 1e-07 is 0.764513
The propagation time when rmax = 1e-07 is 0.729927
The propagation time when rmax = 1e-07 is 0.837163
The propagation time when rmax = 1e-07 is 2.07559
The propagation time when rmax = 1e-07 is 0.798579
The propagation time when rmax = 1e-07 is 0.624106
The propagation time when rmax = 1e-07 is 0.672099
The propagation time when rmax = 1e-07 is 0.639317
The propagation time when rmax = 1e-07 is 0.752777
The propagation time when rmax = 1e-07 is 0.638634
The propagation time when rmax = 1e-07 is 0.751962
The propagation time when rmax = 1e-07 is 0.615511
The propagation time when rmax = 1e-07 is 0.643285
The propagation time when rmax = 1e-07 is 0.671951
The propagation time when rmax = 1e-07 is 0.666615
The propagation time when rmax = 1e-07 is 0.617703
The propagation time when rmax = 1e-07 is 0.749529
The propagation time when rmax = 1e-07 is 0.616541
The propagation time when rmax = 1e-07 is 0.735039
The propagation time when rmax = 1e-07 is 0.681489
The propagation time when rmax = 1e-07 is 0.713892
The propagation time when rmax = 1e-07 is 0.659607
The propagation time when rmax = 1e-07 is 0.751897
The propagation time when rmax = 1e-07 is 0.613985
The propagation time when rmax = 1e-07 is 0.779777
The propagation time when rmax = 1e-07 is 0.652472
The propagation time when rmax = 1e-07 is 0.74676
The propagation time when rmax = 1e-07 is 0.662007
The propagation time when rmax = 1e-07 is 0.703081
The propagation time when rmax = 1e-07 is 0.655552
The propagation time when rmax = 1e-07 is 0.689554
The propagation time when rmax = 1e-07 is 0.624447
The propagation time when rmax = 1e-07 is 0.653185
The propagation time when rmax = 1e-07 is 0.650225
The propagation time when rmax = 1e-07 is 0.726255
The propagation time when rmax = 1e-07 is 0.607651
The propagation time when rmax = 1e-07 is 0.800495
The propagation time when rmax = 1e-07 is 0.665419
The propagation time when rmax = 1e-07 is 0.649652
The propagation time when rmax = 1e-07 is 0.634403
The propagation time when rmax = 1e-07 is 0.758341
The propagation time when rmax = 1e-07 is 0.654705
The propagation time when rmax = 1e-07 is 0.678076
The propagation time when rmax = 1e-07 is 0.616137
The propagation time when rmax = 1e-07 is 1.04124
The propagation time when rmax = 1e-07 is 0.610902
The propagation time when rmax = 1e-07 is 0.627068
The propagation time when rmax = 1e-07 is 0.644703
The propagation time when rmax = 1e-07 is 0.839524
The propagation time when rmax = 1e-07 is 0.67008
The propagation time when rmax = 1e-07 is 0.652881
The propagation time when rmax = 1e-07 is 0.648933
The propagation time when rmax = 1e-07 is 0.631031
The propagation time when rmax = 1e-07 is 0.651344
The propagation time when rmax = 1e-07 is 0.814761
The propagation time when rmax = 1e-07 is 0.804827
The propagation time when rmax = 1e-07 is 0.642291
The propagation time when rmax = 1e-07 is 0.790084
The propagation time when rmax = 1e-07 is 0.837708
The propagation time when rmax = 1e-07 is 0.655086
The propagation time when rmax = 1e-07 is 0.81428
The propagation time when rmax = 1e-07 is 0.666627
The propagation time when rmax = 1e-07 is 0.655555
The propagation time when rmax = 1e-07 is 0.795549
The propagation time when rmax = 1e-07 is 46.3662
The propagation time when rmax = 1e-07 is 18.6583
The propagation time when rmax = 1e-07 is 0.791541
The propagation time when rmax = 1e-07 is 0.621171
The propagation time when rmax = 1e-07 is 43.6091
The propagation time when rmax = 1e-07 is 15.5824
The propagation time when rmax = 1e-07 is 46.8696
The propagation time when rmax = 1e-07 is 0.741941
The propagation time when rmax = 1e-07 is 0.622872
The propagation time when rmax = 1e-07 is 0.728029
The propagation time when rmax = 1e-07 is 0.659433
The propagation time when rmax = 1e-07 is 0.792437
The propagation time when rmax = 1e-07 is 0.667954
The propagation time when rmax = 1e-07 is 0.484137
The propagation time when rmax = 1e-07 is 0.757359
The propagation time when rmax = 1e-07 is 0.831077
The propagation time when rmax = 1e-07 is 0.672429
The propagation time when rmax = 1e-07 is 0.859056
The propagation time when rmax = 1e-07 is 0.674354
The propagation time when rmax = 1e-07 is 0.631504
The propagation time when rmax = 1e-07 is 0.803036
The propagation time when rmax = 1e-07 is 0.72544
The propagation time when rmax = 1e-07 is 0.631196
The propagation time when rmax = 1e-07 is 0.789877
The propagation time when rmax = 1e-07 is 0.814811
The propagation time when rmax = 1e-07 is 0.567894
The propagation time when rmax = 1e-07 is 0.726393
The propagation time when rmax = 1e-07 is 0.692744
The propagation time when rmax = 1e-07 is 0.651686
The propagation time when rmax = 1e-07 is 0.781465
The propagation time when rmax = 1e-07 is 0.698616
The propagation time when rmax = 1e-07 is 0.503663
The propagation time when rmax = 1e-07 is 0.806336
The propagation time when rmax = 1e-07 is 0.637751
The propagation time when rmax = 1e-07 is 0.777554
The propagation time when rmax = 1e-07 is 0.631601
The propagation time when rmax = 1e-07 is 0.63287
The propagation time when rmax = 1e-07 is 0.784686
The propagation time when rmax = 1e-07 is 0.812298
The propagation time when rmax = 1e-07 is 0.621134
The propagation time when rmax = 1e-07 is 0.80219
The propagation time when rmax = 1e-07 is 0.62934
The propagation time when rmax = 1e-07 is 0.616635
The propagation time when rmax = 1e-07 is 0.810146
The propagation time when rmax = 1e-07 is 0.788188
The propagation time when rmax = 1e-07 is 0.623041
The propagation time when rmax = 1e-07 is 0.776805
The propagation time when rmax = 1e-07 is 0.827599
The propagation time when rmax = 1e-07 is 0.637752
The propagation time when rmax = 1e-07 is 0.783919
The propagation time when rmax = 1e-07 is 0.717134
The propagation time when rmax = 1e-07 is 0.624012
The propagation time when rmax = 1e-07 is 0.791296
The propagation time when rmax = 1e-07 is 0.744275
The propagation time when rmax = 1e-07 is 0.648642
The propagation time when rmax = 1e-07 is 0.835223
The propagation time when rmax = 1e-07 is 0.808556
The propagation time when rmax = 1e-07 is 0.626439
The propagation time when rmax = 1e-07 is 0.653065
The propagation time when rmax = 1e-07 is 0.65418
The propagation time when rmax = 1e-07 is 0.622213
The propagation time when rmax = 1e-07 is 0.522565
The propagation time when rmax = 1e-07 is 0.772345
The propagation time when rmax = 1e-07 is 0.859813
The propagation time when rmax = 1e-07 is 0.643658
The propagation time when rmax = 1e-07 is 0.763756
The propagation time when rmax = 1e-07 is 2.19629
The propagation time when rmax = 1e-07 is 0.014992
The propagation time when rmax = 1e-07 is 1.73504
The propagation time when rmax = 1e-07 is 2.28433
The propagation time when rmax = 1e-07 is 0.036977
The propagation time when rmax = 1e-07 is 2.52681
The propagation time when rmax = 1e-07 is 0.843294
The propagation time when rmax = 1e-07 is 0.329847
The propagation time when rmax = 1e-07 is 2.88273
The propagation time when rmax = 1e-07 is 0.714711
The propagation time when rmax = 1e-07 is 0.323016
The propagation time when rmax = 1e-07 is 0.074583
The propagation time when rmax = 1e-07 is 0.809687
The propagation time when rmax = 1e-07 is 0.312538
The propagation time when rmax = 1e-07 is 0.057699
The propagation time when rmax = 1e-07 is 0.630673
The propagation time when rmax = 1e-07 is 0.317905
The propagation time when rmax = 1e-07 is 0.796182
The propagation time when rmax = 1e-07 is 0.318444
The propagation time when rmax = 1e-07 is 0.06296
The propagation time when rmax = 1e-07 is 0.642257
The propagation time when rmax = 1e-07 is 0.320411
The propagation time when rmax = 1e-07 is 0.055949
The propagation time when rmax = 1e-07 is 0.765316
The propagation time when rmax = 1e-07 is 0.294071
The propagation time when rmax = 1e-07 is 0.078506
The propagation time when rmax = 1e-07 is 0.774785
The propagation time when rmax = 1e-07 is 0.33062
The propagation time when rmax = 1e-07 is 0.058601
The propagation time when rmax = 1e-07 is 0.601416
The propagation time when rmax = 1e-07 is 0.284445
The propagation time when rmax = 1e-07 is 0.064814
The propagation time when rmax = 1e-07 is 0.684294
The propagation time when rmax = 1e-07 is 0.328434
The propagation time when rmax = 1e-07 is 0.05867
The propagation time when rmax = 1e-07 is 0.810538
The propagation time when rmax = 1e-07 is 0.322415
The propagation time when rmax = 1e-07 is 0.056275
The propagation time when rmax = 1e-07 is 0.732236
The propagation time when rmax = 1e-07 is 0.310676
The propagation time when rmax = 1e-07 is 0.060031
The propagation time when rmax = 1e-07 is 0.864679
The propagation time when rmax = 1e-07 is 0.307918
The propagation time when rmax = 1e-07 is 0.058423
The propagation time when rmax = 1e-07 is 0.902699
The propagation time when rmax = 1e-07 is 0.293236
The propagation time when rmax = 1e-07 is 0.668105
The propagation time when rmax = 1e-07 is 0.342897
The propagation time when rmax = 1e-07 is 1.55582
The propagation time when rmax = 1e-07 is 0.64391
The propagation time when rmax = 1e-07 is 0.256855
The propagation time when rmax = 1e-07 is 1.60213
The propagation time when rmax = 1e-07 is 0.726353
The propagation time when rmax = 1e-07 is 0.316026
The propagation time when rmax = 1e-07 is 1.51218
The propagation time when rmax = 1e-07 is 0.657123
The propagation time when rmax = 1e-07 is 0.310652
The propagation time when rmax = 1e-07 is 1.45048
The propagation time when rmax = 1e-07 is 0.720667
The propagation time when rmax = 1e-07 is 0.302771
The propagation time when rmax = 1e-07 is 1.48596
The propagation time when rmax = 1e-07 is 0.751508
The propagation time when rmax = 1e-07 is 0.340203
The propagation time when rmax = 1e-07 is 1.51448
The propagation time when rmax = 1e-07 is 0.70027
The propagation time when rmax = 1e-07 is 0.238903
The propagation time when rmax = 1e-07 is 1.56057
The propagation time when rmax = 1e-07 is 0.808772
The propagation time when rmax = 1e-07 is 0.33948
The propagation time when rmax = 1e-07 is 1.7048
The propagation time when rmax = 1e-07 is 0.756043
The propagation time when rmax = 1e-07 is 0.330106
The propagation time when rmax = 1e-07 is 1.47467
The propagation time when rmax = 1e-07 is 0.661873
The propagation time when rmax = 1e-07 is 0.3116
The propagation time when rmax = 1e-07 is 1.48357
The propagation time when rmax = 1e-07 is 0.68133
The propagation time when rmax = 1e-07 is 0.292129
The propagation time when rmax = 1e-07 is 1.50809
The propagation time when rmax = 1e-07 is 0.737235
The propagation time when rmax = 1e-07 is 0.284518
The propagation time when rmax = 1e-07 is 1.4804
The propagation time when rmax = 1e-07 is 0.701183
The propagation time when rmax = 1e-07 is 0.251991
The propagation time when rmax = 1e-07 is 1.52367
The propagation time when rmax = 1e-07 is 0.695327
The propagation time when rmax = 1e-07 is 0.30429
The propagation time when rmax = 1e-07 is 1.52602
The propagation time when rmax = 1e-07 is 0.765901
The propagation time when rmax = 1e-07 is 0.32362
The propagation time when rmax = 1e-07 is 1.51076
The propagation time when rmax = 1e-07 is 0.651729
The propagation time when rmax = 1e-07 is 0.306939
The propagation time when rmax = 1e-07 is 1.51369
The propagation time when rmax = 1e-07 is 0.811802
The propagation time when rmax = 1e-07 is 0.327356
The propagation time when rmax = 1e-07 is 1.53648
The propagation time when rmax = 1e-07 is 0.63494
The propagation time when rmax = 1e-07 is 0.308683
The propagation time when rmax = 1e-07 is 1.50234
The propagation time when rmax = 1e-07 is 0.65461
The propagation time when rmax = 1e-07 is 0.829737
The propagation time when rmax = 1e-07 is 0.298005
The propagation time when rmax = 1e-07 is 1.48071
The propagation time when rmax = 1e-07 is 0.749543
The propagation time when rmax = 1e-07 is 0.295793
The propagation time when rmax = 1e-07 is 1.48609
The propagation time when rmax = 1e-07 is 0.721966
The propagation time when rmax = 1e-07 is 0.284221
The propagation time when rmax = 1e-07 is 1.48382
The propagation time when rmax = 1e-07 is 0.796287
The propagation time when rmax = 1e-07 is 0.300856
The propagation time when rmax = 1e-07 is 0.686286
The propagation time when rmax = 1e-07 is 0.307675
The propagation time when rmax = 1e-07 is 0.599835
The propagation time when rmax = 1e-07 is 0.678051
The propagation time when rmax = 1e-07 is 0.298905
The propagation time when rmax = 1e-07 is 1.49141
The propagation time when rmax = 1e-07 is 0.624596
The propagation time when rmax = 1e-07 is 0.756902
The propagation time when rmax = 1e-07 is 0.297629
The propagation time when rmax = 1e-07 is 1.51907
The propagation time when rmax = 1e-07 is 0.594898
The propagation time when rmax = 1e-07 is 0.685703
The propagation time when rmax = 1e-07 is 0.297952
The propagation time when rmax = 1e-07 is 1.46669
The propagation time when rmax = 1e-07 is 0.613493
The propagation time when rmax = 1e-07 is 0.800924
The propagation time when rmax = 1e-07 is 0.308965
The propagation time when rmax = 1e-07 is 1.52333
The propagation time when rmax = 1e-07 is 0.63591
The propagation time when rmax = 1e-07 is 0.794014
The propagation time when rmax = 1e-07 is 0.28565
The propagation time when rmax = 1e-07 is 1.52467
The propagation time when rmax = 1e-07 is 0.608575
The propagation time when rmax = 1e-07 is 0.619314
The propagation time when rmax = 1e-07 is 0.295979
The propagation time when rmax = 1e-07 is 0.612085
The propagation time when rmax = 1e-07 is 0.73062
The propagation time when rmax = 1e-07 is 0.287975
The propagation time when rmax = 1e-07 is 1.52135
The propagation time when rmax = 1e-07 is 0.623478
The propagation time when rmax = 1e-07 is 0.671635
The propagation time when rmax = 1e-07 is 0.319716
The propagation time when rmax = 1e-07 is 1.49512
The propagation time when rmax = 1e-07 is 0.610448
The propagation time when rmax = 1e-07 is 0.679391
The propagation time when rmax = 1e-07 is 0.277706
The propagation time when rmax = 1e-07 is 1.50809
The propagation time when rmax = 1e-07 is 0.624606
The propagation time when rmax = 1e-07 is 0.75569
The propagation time when rmax = 1e-07 is 0.288591
The propagation time when rmax = 1e-07 is 1.4985
The propagation time when rmax = 1e-07 is 0.611566
The propagation time when rmax = 1e-07 is 0.67723
The propagation time when rmax = 1e-07 is 0.301389
The propagation time when rmax = 1e-07 is 1.49113
The propagation time when rmax = 1e-07 is 0.641422
The propagation time when rmax = 1e-07 is 0.663807
The propagation time when rmax = 1e-07 is 0.3374
The propagation time when rmax = 1e-07 is 1.51584
The propagation time when rmax = 1e-07 is 0.58474
The propagation time when rmax = 1e-07 is 0.725663
The propagation time when rmax = 1e-07 is 0.2821
The propagation time when rmax = 1e-07 is 1.51821
The propagation time when rmax = 1e-07 is 0.583096
The propagation time when rmax = 1e-07 is 0.769048
The propagation time when rmax = 1e-07 is 0.308698
The propagation time when rmax = 1e-07 is 1.52874
The propagation time when rmax = 1e-07 is 0.575878
The propagation time when rmax = 1e-07 is 0.730578
The propagation time when rmax = 1e-07 is 0.306722
The propagation time when rmax = 1e-07 is 1.49479
The propagation time when rmax = 1e-07 is 0.601111
The propagation time when rmax = 1e-07 is 0.769457
The propagation time when rmax = 1e-07 is 0.310353
The propagation time when rmax = 1e-07 is 1.50178
The propagation time when rmax = 1e-07 is 0.592964
The propagation time when rmax = 1e-07 is 0.706098
The propagation time when rmax = 1e-07 is 0.303276
The propagation time when rmax = 1e-07 is 1.50427
The propagation time when rmax = 1e-07 is 0.610559
The propagation time when rmax = 1e-07 is 0.656753
The propagation time when rmax = 1e-07 is 0.338926
The propagation time when rmax = 1e-07 is 1.50571
The propagation time when rmax = 1e-07 is 0.582769
The propagation time when rmax = 1e-07 is 0.757198
The propagation time when rmax = 1e-07 is 0.327685
The propagation time when rmax = 1e-07 is 0.679442
The propagation time when rmax = 1e-07 is 0.278952
The propagation time when rmax = 1e-07 is 0.788275
The propagation time when rmax = 1e-07 is 0.266543
The propagation time when rmax = 1e-07 is 1.52157
The propagation time when rmax = 1e-07 is 0.601001
The propagation time when rmax = 1e-07 is 0.737646
The propagation time when rmax = 1e-07 is 0.29529
The propagation time when rmax = 1e-07 is 1.51839
The propagation time when rmax = 1e-07 is 0.635666
The propagation time when rmax = 1e-07 is 0.777403
The propagation time when rmax = 1e-07 is 0.275617
The propagation time when rmax = 1e-07 is 1.52465
The propagation time when rmax = 1e-07 is 0.63371
The propagation time when rmax = 1e-07 is 0.662525
The propagation time when rmax = 1e-07 is 0.349568
The propagation time when rmax = 1e-07 is 1.54184
The propagation time when rmax = 1e-07 is 0.606608
The propagation time when rmax = 1e-07 is 1.63464
The propagation time when rmax = 1e-07 is 0.689893
The propagation time when rmax = 1e-07 is 0.658425
The propagation time when rmax = 1e-07 is 0.312644
The propagation time when rmax = 1e-07 is 1.50231
The propagation time when rmax = 1e-07 is 0.625334
The propagation time when rmax = 1e-07 is 0.781658
The propagation time when rmax = 1e-07 is 0.294817
The propagation time when rmax = 1e-07 is 1.52073
The propagation time when rmax = 1e-07 is 0.634469
The propagation time when rmax = 1e-07 is 0.758672
The propagation time when rmax = 1e-07 is 0.253607
The propagation time when rmax = 1e-07 is 1.51037
The propagation time when rmax = 1e-07 is 0.588183
The propagation time when rmax = 1e-07 is 0.75277
The propagation time when rmax = 1e-07 is 0.274138
The propagation time when rmax = 1e-07 is 1.53591
The propagation time when rmax = 1e-07 is 0.609607
The propagation time when rmax = 1e-07 is 0.719576
The propagation time when rmax = 1e-07 is 0.327966
The propagation time when rmax = 1e-07 is 1.51907
The propagation time when rmax = 1e-07 is 0.59517
The propagation time when rmax = 1e-07 is 0.683224
The propagation time when rmax = 1e-07 is 0.31414
The propagation time when rmax = 1e-07 is 1.51506
The propagation time when rmax = 1e-07 is 0.611118
The propagation time when rmax = 1e-07 is 0.767644
The propagation time when rmax = 1e-07 is 0.34673
The propagation time when rmax = 1e-07 is 1.51942
The propagation time when rmax = 1e-07 is 0.631479
The propagation time when rmax = 1e-07 is 0.691907
The propagation time when rmax = 1e-07 is 0.32114
The propagation time when rmax = 1e-07 is 1.49405
The propagation time when rmax = 1e-07 is 0.591632
The propagation time when rmax = 1e-07 is 0.646417
The propagation time when rmax = 1e-07 is 0.33522
The propagation time when rmax = 1e-07 is 1.51516
The propagation time when rmax = 1e-07 is 0.626425
The propagation time when rmax = 1e-07 is 1.62453
The propagation time when rmax = 1e-07 is 0.689747
The propagation time when rmax = 1e-07 is 0.705589
The propagation time when rmax = 1e-07 is 0.29369
The propagation time when rmax = 1e-07 is 1.48241
The propagation time when rmax = 1e-07 is 0.591496
The propagation time when rmax = 1e-07 is 0.705924
The propagation time when rmax = 1e-07 is 0.291047
The propagation time when rmax = 1e-07 is 1.51625
The propagation time when rmax = 1e-07 is 0.603499
The propagation time when rmax = 1e-07 is 1.62739
The propagation time when rmax = 1e-07 is 0.721857
The propagation time when rmax = 1e-07 is 0.746266
The propagation time when rmax = 1e-07 is 0.315929
The propagation time when rmax = 1e-07 is 0.741492
The propagation time when rmax = 1e-07 is 0.33048
The propagation time when rmax = 1e-07 is 0.762863
The propagation time when rmax = 1e-07 is 0.28795
The propagation time when rmax = 1e-07 is 0.694207
The propagation time when rmax = 1e-07 is 0.290254
The propagation time when rmax = 1e-07 is 1.49707
The propagation time when rmax = 1e-07 is 0.596273
The propagation time when rmax = 1e-07 is 0.256538
The propagation time when rmax = 1e-07 is 0.102826
The propagation time when rmax = 1e-07 is 1.2693
The propagation time when rmax = 1e-07 is 0.19621
The propagation time when rmax = 1e-07 is 0.234583
The propagation time when rmax = 1e-07 is 0.083631
The propagation time when rmax = 1e-07 is 1.17779
The propagation time when rmax = 1e-07 is 0.200122
The propagation time when rmax = 1e-07 is 0.28378
The propagation time when rmax = 1e-07 is 0.082098
The propagation time when rmax = 1e-07 is 1.20871
The propagation time when rmax = 1e-07 is 0.188705
The propagation time when rmax = 1e-07 is 1.33662
The propagation time when rmax = 1e-07 is 0.252984
